0 info it worked if it ends with ok
1 verbose cli [ 'D:\\Program Files\\nodejs\\node.exe',
1 verbose cli   'D:\\Program Files\\nodejs\\node_modules\\npm\\bin\\npm-cli.js',
1 verbose cli   'run-script',
1 verbose cli   'dev' ]
2 info using npm@3.10.3
3 info using node@v4.4.5
4 verbose run-script [ 'predev', 'dev', 'postdev' ]
5 info lifecycle vue-webpack-by_nick@1.0.0~predev: vue-webpack-by_nick@1.0.0
6 silly lifecycle vue-webpack-by_nick@1.0.0~predev: no script for predev, continuing
7 info lifecycle vue-webpack-by_nick@1.0.0~dev: vue-webpack-by_nick@1.0.0
8 verbose lifecycle vue-webpack-by_nick@1.0.0~dev: unsafe-perm in lifecycle true
9 verbose lifecycle vue-webpack-by_nick@1.0.0~dev: PATH: D:\Program Files\nodejs\node_modules\npm\bin\node-gyp-bin;E:\www\other\hyjpre\node_modules\.bin;D:\Program Files\nodejs;C:\Program Files (x86)\Common Files\NetSarang;C:\ProgramData\Oracle\Java\javapath;C:\Windows\system32;C:\Windows;C:\Windows\System32\Wbem;C:\Windows\System32\WindowsPowerShell\v1.0\;C:\Program Files\Java\jdk1.8.0_20\bin;C:\Program Files\Java\jdk1.8.0_20\jre\bin;D:\Program Files\TortoiseSVN\bin;C:\Program Files\TortoiseGit\bin;D:\Program Files\nodejs\;C:\Program Files (x86)\Git\bin;C:\Users\Administrator\AppData\Roaming\npm
10 verbose lifecycle vue-webpack-by_nick@1.0.0~dev: CWD: E:\www\other\hyjpre
11 silly lifecycle vue-webpack-by_nick@1.0.0~dev: Args: [ '/d /s /c', 'node build/dev-server.js' ]
12 silly lifecycle vue-webpack-by_nick@1.0.0~dev: Returned: code: 1  signal: null
13 info lifecycle vue-webpack-by_nick@1.0.0~dev: Failed to exec dev script
14 verbose stack Error: vue-webpack-by_nick@1.0.0 dev: `node build/dev-server.js`
14 verbose stack Exit status 1
14 verbose stack     at EventEmitter.<anonymous> (D:\Program Files\nodejs\node_modules\npm\lib\utils\lifecycle.js:242:16)
14 verbose stack     at emitTwo (events.js:87:13)
14 verbose stack     at EventEmitter.emit (events.js:172:7)
14 verbose stack     at ChildProcess.<anonymous> (D:\Program Files\nodejs\node_modules\npm\lib\utils\spawn.js:40:14)
14 verbose stack     at emitTwo (events.js:87:13)
14 verbose stack     at ChildProcess.emit (events.js:172:7)
14 verbose stack     at maybeClose (internal/child_process.js:827:16)
14 verbose stack     at Process.ChildProcess._handle.onexit (internal/child_process.js:211:5)
15 verbose pkgid vue-webpack-by_nick@1.0.0
16 verbose cwd E:\www\other\hyjpre
17 error Windows_NT 6.1.7601
18 error argv "D:\\Program Files\\nodejs\\node.exe" "D:\\Program Files\\nodejs\\node_modules\\npm\\bin\\npm-cli.js" "run-script" "dev"
19 error node v4.4.5
20 error npm  v3.10.3
21 error code ELIFECYCLE
22 error vue-webpack-by_nick@1.0.0 dev: `node build/dev-server.js`
22 error Exit status 1
23 error Failed at the vue-webpack-by_nick@1.0.0 dev script 'node build/dev-server.js'.
23 error Make sure you have the latest version of node.js and npm installed.
23 error If you do, this is most likely a problem with the vue-webpack-by_nick package,
23 error not with npm itself.
23 error Tell the author that this fails on your system:
23 error     node build/dev-server.js
23 error You can get information on how to open an issue for this project with:
23 error     npm bugs vue-webpack-by_nick
23 error Or if that isn't available, you can get their info via:
23 error     npm owner ls vue-webpack-by_nick
23 error There is likely additional logging output above.
24 verbose exit [ 1, true ]
